[GIN-debug] [WARNING] Running in "debug" mode. Switch to "release" mode in production.
 - using env:	export GIN_MODE=release
 - using code:	gin.SetMode(gin.ReleaseMode)

[GIN-debug] GET    /css/*filepath            --> github.com/gin-gonic/gin.(*RouterGroup).createStaticHandler.func1 (1 handlers)
[GIN-debug] HEAD   /css/*filepath            --> github.com/gin-gonic/gin.(*RouterGroup).createStaticHandler.func1 (1 handlers)
[GIN-debug] Loaded HTML Templates (4): 
	- 
	- footer.html
	- header.html
	- index.html

[GIN-debug] GET    /api/videos               --> main.main.func1 (4 handlers)
[GIN-debug] POST   /api/videos               --> main.main.func2 (4 handlers)
[GIN-debug] GET    /view/videos              --> gin/controller.VideoController.ShowAll-fm (4 handlers)
[GIN-debug] [WARNING] You trusted all proxies, this is NOT safe. We recommend you to set a value.
Please check https://pkg.go.dev/github.com/gin-gonic/gin#readme-don-t-trust-all-proxies for details.
[GIN-debug] Listening and serving HTTP on :8080
::1 - [06 Jul 25 11:54 -03] GET /view/videos 200 1.0664ms 
::1 - [06 Jul 25 11:54 -03] GET /favicon.ico 401 0s 
::1 - [06 Jul 25 11:54 -03] GET /favicon.ico 404 0s 
::1 - [06 Jul 25 11:54 -03] GET /.well-known/appspecific/com.chrome.devtools.json 404 0s 
::1 - [06 Jul 25 11:54 -03] POST /api/videos 200 0s 
::1 - [06 Jul 25 11:54 -03] GET /view/videos 200 3.0758ms 
::1 - [06 Jul 25 11:54 -03] GET /.well-known/appspecific/com.chrome.devtools.json 404 0s 
